<?xml version="1.0" encoding="UTF-8"?>
<!-- Generated by org.testng.reporters.JUnitReportReporter -->
<testsuite hostname="AndreiPC" failures="0" tests="1" name="OmnilimoProj.Tests.BMW5Series.HourlyReservationsBMW5SeriesTest" time="12.834" errors="0" timestamp="2023-03-15T11:26:28 EET" skipped="0">
  <testcase classname="OmnilimoProj.Tests.BMW5Series.HourlyReservationsBMW5SeriesTest" name="stepsToRepBookHourly" time="12.834"/>
  <system-out/>
</testsuite> <!-- OmnilimoProj.Tests.BMW5Series.HourlyReservationsBMW5SeriesTest -->
