<?xml version="1.0" encoding="UTF-8"?>
<!-- Generated by org.testng.reporters.JUnitReportReporter -->
<testsuite hostname="AndreiPC" failures="0" tests="1" name="OmnilimoProj.Tests.BMW7Series.HourlyReservationsBMW7SeriesTest" time="8.062" errors="0" timestamp="2023-03-14T15:14:48 EET" skipped="0">
  <testcase classname="OmnilimoProj.Tests.BMW7Series.HourlyReservationsBMW7SeriesTest" name="stepsToRepBookHourlySuv" time="8.062"/>
  <system-out/>
</testsuite> <!-- OmnilimoProj.Tests.BMW7Series.HourlyReservationsBMW7SeriesTest -->
