<?xml version="1.0" encoding="UTF-8"?>
<!-- Generated by org.testng.reporters.JUnitReportReporter -->
<testsuite hostname="AndreiPC" failures="0" tests="1" name="OmnilimoProj.Tests.BMW7Series.OneWayInBMW7SeriesTest" time="6.475" errors="0" timestamp="2023-03-09T11:44:30 EET" skipped="0">
  <testcase classname="OmnilimoProj.Tests.BMW7Series.OneWayInBMW7SeriesTest" name="stepsToRepBookBMW7" time="6.475"/>
  <system-out/>
</testsuite> <!-- OmnilimoProj.Tests.BMW7Series.OneWayInBMW7SeriesTest -->
