<?xml version="1.0" encoding="UTF-8"?>
<!-- Generated by org.testng.reporters.JUnitReportReporter -->
<testsuite hostname="AndreiPC" failures="0" tests="1" name="OmnilimoProj.Tests.OneWayInSameAddressSuvTest" time="23.396" errors="0" timestamp="2023-03-15T12:45:46 EET" skipped="0">
  <testcase classname="OmnilimoProj.Tests.OneWayInSameAddressSuvTest" name="voidStepsToRep" time="23.396"/>
  <system-out/>
</testsuite> <!-- OmnilimoProj.Tests.OneWayInSameAddressSuvTest -->
