<?xml version="1.0" encoding="UTF-8"?>
<!-- Generated by org.testng.reporters.JUnitReportReporter -->
<testsuite hostname="AndreiPC" failures="0" tests="1" name="OmnilimoProj.Tests.Sprinter.HourlyReservationsSprinterTest" time="8.372" errors="0" timestamp="2023-03-14T15:35:49 EET" skipped="0">
  <testcase classname="OmnilimoProj.Tests.Sprinter.HourlyReservationsSprinterTest" name="stepsToRepBookHourlySuv" time="8.372"/>
  <system-out/>
</testsuite> <!-- OmnilimoProj.Tests.Sprinter.HourlyReservationsSprinterTest -->
