<?xml version="1.0" encoding="UTF-8"?>
<!-- Generated by org.testng.reporters.JUnitReportReporter -->
<testsuite hostname="AndreiPC" failures="0" tests="1" name="OmnilimoProj.Tests.SUV.OneWayInFiveMonths" time="15.299" errors="0" timestamp="2023-03-09T09:52:36 EET" skipped="0">
  <testcase classname="OmnilimoProj.Tests.SUV.OneWayInFiveMonths" name="voidStepsToRep" time="15.299"/>
  <system-out/>
</testsuite> <!-- OmnilimoProj.Tests.SUV.OneWayInFiveMonths -->
