<?xml version="1.0" encoding="UTF-8"?>
<!-- Generated by org.testng.reporters.JUnitReportReporter -->
<testsuite hostname="AndreiPC" failures="0" tests="1" name="OmnilimoProj.Tests.BMW7Series.OneWayReservationsWithDifferentAddressesBMW7SeriesTest" time="8.956" errors="0" timestamp="2023-03-13T11:55:54 EET" skipped="0">
  <testcase classname="OmnilimoProj.Tests.BMW7Series.OneWayReservationsWithDifferentAddressesBMW7SeriesTest" name="stepsToRepBookBMW7" time="8.956"/>
  <system-out/>
</testsuite> <!-- OmnilimoProj.Tests.BMW7Series.OneWayReservationsWithDifferentAddressesBMW7SeriesTest -->
