<?xml version="1.0" encoding="UTF-8"?>
<!-- Generated by org.testng.reporters.JUnitReportReporter -->
<testsuite hostname="AndreiPC" failures="0" tests="1" name="OmnilimoProj.Tests.SUV.HourlyReservationsSuvTest" time="22.768" errors="0" timestamp="2023-03-16T12:13:26 EET" skipped="0">
  <testcase classname="OmnilimoProj.Tests.SUV.HourlyReservationsSuvTest" name="stepsToRepBookHourlySuv" time="22.768"/>
  <system-out/>
</testsuite> <!-- OmnilimoProj.Tests.SUV.HourlyReservationsSuvTest -->
