<?xml version="1.0" encoding="UTF-8"?>
<!-- Generated by org.testng.reporters.JUnitReportReporter -->
<testsuite hostname="AndreiPC" failures="0" tests="1" name="OmnilimoProj.Tests.OneWayForTomorrow" time="14.996" errors="0" timestamp="2023-03-07T14:15:36 EET" skipped="0">
  <testcase classname="OmnilimoProj.Tests.OneWayForTomorrow" name="voidStepsToRep" time="14.996"/>
  <system-out/>
</testsuite> <!-- OmnilimoProj.Tests.OneWayForTomorrow -->
