<?xml version="1.0" encoding="UTF-8"?>
<!-- Generated by org.testng.reporters.JUnitReportReporter -->
<testsuite hostname="AndreiPC" failures="0" tests="1" name="OmnilimoProj.Tests.SUV.OneWayReservationsWithDifferentAddressesSuvTest" time="8.749" errors="0" timestamp="2023-03-13T12:06:42 EET" skipped="0">
  <testcase classname="OmnilimoProj.Tests.SUV.OneWayReservationsWithDifferentAddressesSuvTest" name="voidStepsToRep" time="8.749"/>
  <system-out/>
</testsuite> <!-- OmnilimoProj.Tests.SUV.OneWayReservationsWithDifferentAddressesSuvTest -->
