<?xml version="1.0" encoding="UTF-8"?>
<!-- Generated by org.testng.reporters.JUnitReportReporter -->
<testsuite hostname="AndreiPC" failures="0" tests="1" name="OmnilimoProj.Tests.ExecutiveMiniBus.HourlyReservationsExecutiveMiniBusTest" time="14.714" errors="0" timestamp="2023-03-14T16:46:02 EET" skipped="0">
  <testcase classname="OmnilimoProj.Tests.ExecutiveMiniBus.HourlyReservationsExecutiveMiniBusTest" name="stepsToRepBookHourly" time="14.714"/>
  <system-out/>
</testsuite> <!-- OmnilimoProj.Tests.ExecutiveMiniBus.HourlyReservationsExecutiveMiniBusTest -->
