<?xml version="1.0" encoding="UTF-8"?>
<!-- Generated by org.testng.reporters.JUnitReportReporter -->
<testsuite hostname="AndreiPC" failures="0" tests="1" name="OmnilimoProj.Tests.OneWayInFiveMonths" time="10.604" errors="0" timestamp="2023-03-07T15:07:31 EET" skipped="0">
  <testcase classname="OmnilimoProj.Tests.OneWayInFiveMonths" name="voidStepsToRep" time="10.604"/>
  <system-out/>
</testsuite> <!-- OmnilimoProj.Tests.OneWayInFiveMonths -->
