<?xml version="1.0" encoding="UTF-8"?>
<!-- Generated by org.testng.reporters.JUnitReportReporter -->
<testsuite hostname="AndreiPC" failures="0" tests="1" name="OmnilimoProj.Tests.Sprinter.OneWayReservationsWithDifferentAddressesSprinterTest" time="16.916" errors="0" timestamp="2023-03-14T11:51:20 EET" skipped="0">
  <testcase classname="OmnilimoProj.Tests.Sprinter.OneWayReservationsWithDifferentAddressesSprinterTest" name="stepsToRepBookSprinter" time="16.916"/>
  <system-out/>
</testsuite> <!-- OmnilimoProj.Tests.Sprinter.OneWayReservationsWithDifferentAddressesSprinterTest -->
