<?xml version="1.0" encoding="UTF-8"?>
<!-- Generated by org.testng.reporters.JUnitReportReporter -->
<testsuite hostname="AndreiPC" failures="0" tests="1" name="OmnilimoProj.Tests.SUV.exp" time="13.745" errors="0" timestamp="2023-03-10T16:38:51 EET" skipped="0">
  <testcase classname="OmnilimoProj.Tests.SUV.exp" name="javaScriptRandomDemo" time="13.745"/>
  <system-out/>
</testsuite> <!-- OmnilimoProj.Tests.SUV.exp -->
