<?xml version="1.0" encoding="UTF-8"?>
<!-- Generated by org.testng.reporters.JUnitReportReporter -->
<testsuite hostname="AndreiPC" failures="0" tests="1" name="OmnilimoProj.Tests.SUV.OneWayInSameAddressSuvTest" time="9.637" errors="0" timestamp="2023-03-14T15:26:50 EET" skipped="0">
  <testcase classname="OmnilimoProj.Tests.SUV.OneWayInSameAddressSuvTest" name="voidStepsToRep" time="9.637"/>
  <system-out/>
</testsuite> <!-- OmnilimoProj.Tests.SUV.OneWayInSameAddressSuvTest -->
