<?xml version="1.0" encoding="UTF-8"?>
<!-- Generated by org.testng.reporters.JUnitReportReporter -->
<testsuite hostname="AndreiPC" failures="0" tests="1" name="OmnilimoProj.Tests.BMW5Series.OneWayReservationsWithDifferentAddressesBMW5SeriesTest" time="23.638" errors="0" timestamp="2023-03-15T12:44:23 EET" skipped="0">
  <testcase classname="OmnilimoProj.Tests.BMW5Series.OneWayReservationsWithDifferentAddressesBMW5SeriesTest" name="stepsToRepBookBMW7" time="23.638"/>
  <system-out/>
</testsuite> <!-- OmnilimoProj.Tests.BMW5Series.OneWayReservationsWithDifferentAddressesBMW5SeriesTest -->
