<?xml version="1.0" encoding="UTF-8"?>
<!-- Generated by org.testng.reporters.JUnitReportReporter -->
<testsuite hostname="AndreiPC" failures="0" tests="1" name="OmnilimoProj.Tests.ExecutiveMiniBus.OneWayReservationsWithDifferentAddressesExecutiveMiniBusTest" time="8.780" errors="0" timestamp="2023-03-14T16:23:33 EET" skipped="0">
  <testcase classname="OmnilimoProj.Tests.ExecutiveMiniBus.OneWayReservationsWithDifferentAddressesExecutiveMiniBusTest" name="stepsToRepBookBMW7" time="8.780"/>
  <system-out/>
</testsuite> <!-- OmnilimoProj.Tests.ExecutiveMiniBus.OneWayReservationsWithDifferentAddressesExecutiveMiniBusTest -->
